This file contains any messages produced by compilers while
running configure, to aid debugging if configure makes a mistake.

It was created by libGE configure 0.26, which was
generated by GNU Autoconf 2.60.  Invocation command line was

  $ ./configure 

## --------- ##
## Platform. ##
## --------- ##

hostname = fgfs-OptiPlex-5050
uname -m = x86_64
uname -r = 5.3.0-28-generic
uname -s = Linux
uname -v = #30~18.04.1-Ubuntu SMP Fri Jan 17 06:14:09 UTC 2020

/usr/bin/uname -p = unknown
/bin/uname -X     = unknown

/bin/arch              = unknown
/usr/bin/arch -k       = unknown
/usr/convex/getsysinfo = unknown
/usr/bin/hostinfo      = unknown
/bin/machine           = unknown
/usr/bin/oslevel       = unknown
/bin/universe          = unknown

PATH: /usr/local/sbin
PATH: /usr/local/bin
PATH: /usr/sbin
PATH: /usr/bin
PATH: /sbin
PATH: /bin
PATH: /usr/games
PATH: /usr/local/games
PATH: /snap/bin


## ----------- ##
## Core tests. ##
## ----------- ##

configure:1790: checking for a BSD-compatible install
configure:1846: result: /usr/bin/install -c
configure:1857: checking whether build environment is sane
configure:1900: result: yes
configure:1965: checking for gawk
configure:1995: result: no
configure:1965: checking for mawk
configure:1981: found /usr/bin/mawk
configure:1992: result: mawk
configure:2003: checking whether make sets $(MAKE)
configure:2024: result: yes
configure:2303: checking for gcc
configure:2319: found /usr/bin/gcc
configure:2330: result: gcc
configure:2568: checking for C compiler version
configure:2575: gcc --version >&5
gcc (Ubuntu 7.4.0-1ubuntu1~18.04.1) 7.4.0
Copyright (C) 2017 Free Software Foundation, Inc.
This is free software; see the source for copying conditions.  There is NO
warranty; not even for MERCHANTABILITY or FITNESS FOR A PARTICULAR PURPOSE.

configure:2578: $? = 0
configure:2585: gcc -v >&5
Using built-in specs.
COLLECT_GCC=gcc
COLLECT_LTO_WRAPPER=/usr/lib/gcc/x86_64-linux-gnu/7/lto-wrapper
OFFLOAD_TARGET_NAMES=nvptx-none
OFFLOAD_TARGET_DEFAULT=1
Target: x86_64-linux-gnu
Configured with: ../src/configure -v --with-pkgversion='Ubuntu 7.4.0-1ubuntu1~18.04.1' --with-bugurl=file:///usr/share/doc/gcc-7/README.Bugs --enable-languages=c,ada,c++,go,brig,d,fortran,objc,obj-c++ --prefix=/usr --with-gcc-major-version-only --program-suffix=-7 --program-prefix=x86_64-linux-gnu- --enable-shared --enable-linker-build-id --libexecdir=/usr/lib --without-included-gettext --enable-threads=posix --libdir=/usr/lib --enable-nls --with-sysroot=/ --enable-clocale=gnu --enable-libstdcxx-debug --enable-libstdcxx-time=yes --with-default-libstdcxx-abi=new --enable-gnu-unique-object --disable-vtable-verify --enable-libmpx --enable-plugin --enable-default-pie --with-system-zlib --with-target-system-zlib --enable-objc-gc=auto --enable-multiarch --disable-werror --with-arch-32=i686 --with-abi=m64 --with-multilib-list=m32,m64,mx32 --enable-multilib --with-tune=generic --enable-offload-targets=nvptx-none --without-cuda-driver --enable-checking=release --build=x86_64-linux-gnu --host=x86_64-linux-gnu --target=x86_64-linux-gnu
Thread model: posix
gcc version 7.4.0 (Ubuntu 7.4.0-1ubuntu1~18.04.1) 
configure:2588: $? = 0
configure:2595: gcc -V >&5
gcc: error: unrecognized command line option '-V'
gcc: fatal error: no input files
compilation terminated.
configure:2598: $? = 1
configure:2621: checking for C compiler default output file name
configure:2648: gcc    conftest.c  >&5
configure:2651: $? = 0
configure:2697: result: a.out
configure:2702: checking whether the C compiler works
configure:2712: ./a.out
configure:2715: $? = 0
configure:2732: result: yes
configure:2739: checking whether we are cross compiling
configure:2741: result: no
configure:2744: checking for suffix of executables
configure:2751: gcc -o conftest    conftest.c  >&5
configure:2754: $? = 0
configure:2778: result: 
configure:2784: checking for suffix of object files
configure:2810: gcc -c   conftest.c >&5
configure:2813: $? = 0
configure:2836: result: o
configure:2840: checking whether we are using the GNU C compiler
configure:2869: gcc -c   conftest.c >&5
configure:2875: $? = 0
configure:2882: test -z "$ac_c_werror_flag" || test ! -s conftest.err
configure:2885: $? = 0
configure:2892: test -s conftest.o
configure:2895: $? = 0
configure:2909: result: yes
configure:2914: checking whether gcc accepts -g
configure:2944: gcc -c -g  conftest.c >&5
configure:2950: $? = 0
configure:2957: test -z "$ac_c_werror_flag" || test ! -s conftest.err
configure:2960: $? = 0
configure:2967: test -s conftest.o
configure:2970: $? = 0
configure:3100: result: yes
configure:3117: checking for gcc option to accept ISO C89
configure:3191: gcc  -c -g -O2  conftest.c >&5
configure:3197: $? = 0
configure:3204: test -z "$ac_c_werror_flag" || test ! -s conftest.err
configure:3207: $? = 0
configure:3214: test -s conftest.o
configure:3217: $? = 0
configure:3237: result: none needed
configure:3266: checking for style of include used by make
configure:3294: result: GNU
configure:3322: checking dependency style of gcc
configure:3412: result: gcc3
configure:3487: checking for g++
configure:3503: found /usr/bin/g++
configure:3514: result: g++
configure:3545: checking for C++ compiler version
configure:3552: g++ --version >&5
g++ (Ubuntu 7.4.0-1ubuntu1~18.04.1) 7.4.0
Copyright (C) 2017 Free Software Foundation, Inc.
This is free software; see the source for copying conditions.  There is NO
warranty; not even for MERCHANTABILITY or FITNESS FOR A PARTICULAR PURPOSE.

configure:3555: $? = 0
configure:3562: g++ -v >&5
Using built-in specs.
COLLECT_GCC=g++
COLLECT_LTO_WRAPPER=/usr/lib/gcc/x86_64-linux-gnu/7/lto-wrapper
OFFLOAD_TARGET_NAMES=nvptx-none
OFFLOAD_TARGET_DEFAULT=1
Target: x86_64-linux-gnu
Configured with: ../src/configure -v --with-pkgversion='Ubuntu 7.4.0-1ubuntu1~18.04.1' --with-bugurl=file:///usr/share/doc/gcc-7/README.Bugs --enable-languages=c,ada,c++,go,brig,d,fortran,objc,obj-c++ --prefix=/usr --with-gcc-major-version-only --program-suffix=-7 --program-prefix=x86_64-linux-gnu- --enable-shared --enable-linker-build-id --libexecdir=/usr/lib --without-included-gettext --enable-threads=posix --libdir=/usr/lib --enable-nls --with-sysroot=/ --enable-clocale=gnu --enable-libstdcxx-debug --enable-libstdcxx-time=yes --with-default-libstdcxx-abi=new --enable-gnu-unique-object --disable-vtable-verify --enable-libmpx --enable-plugin --enable-default-pie --with-system-zlib --with-target-system-zlib --enable-objc-gc=auto --enable-multiarch --disable-werror --with-arch-32=i686 --with-abi=m64 --with-multilib-list=m32,m64,mx32 --enable-multilib --with-tune=generic --enable-offload-targets=nvptx-none --without-cuda-driver --enable-checking=release --build=x86_64-linux-gnu --host=x86_64-linux-gnu --target=x86_64-linux-gnu
Thread model: posix
gcc version 7.4.0 (Ubuntu 7.4.0-1ubuntu1~18.04.1) 
configure:3565: $? = 0
configure:3572: g++ -V >&5
g++: error: unrecognized command line option '-V'
g++: fatal error: no input files
compilation terminated.
configure:3575: $? = 1
configure:3578: checking whether we are using the GNU C++ compiler
configure:3607: g++ -c   conftest.cpp >&5
configure:3613: $? = 0
configure:3620: test -z "$ac_cxx_werror_flag" || test ! -s conftest.err
configure:3623: $? = 0
configure:3630: test -s conftest.o
configure:3633: $? = 0
configure:3647: result: yes
configure:3652: checking whether g++ accepts -g
configure:3682: g++ -c -g  conftest.cpp >&5
configure:3688: $? = 0
configure:3695: test -z "$ac_cxx_werror_flag" || test ! -s conftest.err
configure:3698: $? = 0
configure:3705: test -s conftest.o
configure:3708: $? = 0
configure:3838: result: yes
configure:3863: checking dependency style of g++
configure:3953: result: gcc3
configure:3972: checking for an ANSI C-conforming const
configure:4047: gcc -c -g -O2  conftest.c >&5
configure:4053: $? = 0
configure:4060: test -z "$ac_c_werror_flag" || test ! -s conftest.err
configure:4063: $? = 0
configure:4070: test -s conftest.o
configure:4073: $? = 0
configure:4085: result: yes
configure:4100: checking how to run the C preprocessor
configure:4140: gcc -E  conftest.c
configure:4146: $? = 0
configure:4184: gcc -E  conftest.c
conftest.c:10:10: fatal error: ac_nonexistent.h: No such file or directory
 #include <ac_nonexistent.h>
          ^~~~~~~~~~~~~~~~~~
compilation terminated.
configure:4190: $? = 1
configure: failed program was:
| /* confdefs.h.  */
| #define PACKAGE_NAME "libGE"
| #define PACKAGE_TARNAME "libGE"
| #define PACKAGE_VERSION "0.26"
| #define PACKAGE_STRING "libGE 0.26"
| #define PACKAGE_BUGREPORT "miguel.nicolau@gmail.com"
| #define PACKAGE "libGE"
| #define VERSION "0.26"
| /* end confdefs.h.  */
| #include <ac_nonexistent.h>
configure:4230: result: gcc -E
configure:4259: gcc -E  conftest.c
configure:4265: $? = 0
configure:4303: gcc -E  conftest.c
conftest.c:10:10: fatal error: ac_nonexistent.h: No such file or directory
 #include <ac_nonexistent.h>
          ^~~~~~~~~~~~~~~~~~
compilation terminated.
configure:4309: $? = 1
configure: failed program was:
| /* confdefs.h.  */
| #define PACKAGE_NAME "libGE"
| #define PACKAGE_TARNAME "libGE"
| #define PACKAGE_VERSION "0.26"
| #define PACKAGE_STRING "libGE 0.26"
| #define PACKAGE_BUGREPORT "miguel.nicolau@gmail.com"
| #define PACKAGE "libGE"
| #define VERSION "0.26"
| /* end confdefs.h.  */
| #include <ac_nonexistent.h>
configure:4354: checking for grep that handles long lines and -e
configure:4428: result: /bin/grep
configure:4433: checking for egrep
configure:4511: result: /bin/grep -E
configure:4516: checking for ANSI C header files
configure:4546: gcc -c -g -O2  conftest.c >&5
configure:4552: $? = 0
configure:4559: test -z "$ac_c_werror_flag" || test ! -s conftest.err
configure:4562: $? = 0
configure:4569: test -s conftest.o
configure:4572: $? = 0
configure:4668: gcc -o conftest -g -O2   conftest.c  >&5
configure:4671: $? = 0
configure:4677: ./conftest
configure:4680: $? = 0
configure:4697: result: yes
configure:4721: checking for sys/types.h
configure:4742: gcc -c -g -O2  conftest.c >&5
configure:4748: $? = 0
configure:4755: test -z "$ac_c_werror_flag" || test ! -s conftest.err
configure:4758: $? = 0
configure:4765: test -s conftest.o
configure:4768: $? = 0
configure:4781: result: yes
configure:4721: checking for sys/stat.h
configure:4742: gcc -c -g -O2  conftest.c >&5
configure:4748: $? = 0
configure:4755: test -z "$ac_c_werror_flag" || test ! -s conftest.err
configure:4758: $? = 0
configure:4765: test -s conftest.o
configure:4768: $? = 0
configure:4781: result: yes
configure:4721: checking for stdlib.h
configure:4742: gcc -c -g -O2  conftest.c >&5
configure:4748: $? = 0
configure:4755: test -z "$ac_c_werror_flag" || test ! -s conftest.err
configure:4758: $? = 0
configure:4765: test -s conftest.o
configure:4768: $? = 0
configure:4781: result: yes
configure:4721: checking for string.h
configure:4742: gcc -c -g -O2  conftest.c >&5
configure:4748: $? = 0
configure:4755: test -z "$ac_c_werror_flag" || test ! -s conftest.err
configure:4758: $? = 0
configure:4765: test -s conftest.o
configure:4768: $? = 0
configure:4781: result: yes
configure:4721: checking for memory.h
configure:4742: gcc -c -g -O2  conftest.c >&5
configure:4748: $? = 0
configure:4755: test -z "$ac_c_werror_flag" || test ! -s conftest.err
configure:4758: $? = 0
configure:4765: test -s conftest.o
configure:4768: $? = 0
configure:4781: result: yes
configure:4721: checking for strings.h
configure:4742: gcc -c -g -O2  conftest.c >&5
configure:4748: $? = 0
configure:4755: test -z "$ac_c_werror_flag" || test ! -s conftest.err
configure:4758: $? = 0
configure:4765: test -s conftest.o
configure:4768: $? = 0
configure:4781: result: yes
configure:4721: checking for inttypes.h
configure:4742: gcc -c -g -O2  conftest.c >&5
configure:4748: $? = 0
configure:4755: test -z "$ac_c_werror_flag" || test ! -s conftest.err
configure:4758: $? = 0
configure:4765: test -s conftest.o
configure:4768: $? = 0
configure:4781: result: yes
configure:4721: checking for stdint.h
configure:4742: gcc -c -g -O2  conftest.c >&5
configure:4748: $? = 0
configure:4755: test -z "$ac_c_werror_flag" || test ! -s conftest.err
configure:4758: $? = 0
configure:4765: test -s conftest.o
configure:4768: $? = 0
configure:4781: result: yes
configure:4721: checking for unistd.h
configure:4742: gcc -c -g -O2  conftest.c >&5
configure:4748: $? = 0
configure:4755: test -z "$ac_c_werror_flag" || test ! -s conftest.err
configure:4758: $? = 0
configure:4765: test -s conftest.o
configure:4768: $? = 0
configure:4781: result: yes
configure:4798: checking for stdlib.h
configure:4804: result: yes
configure:4962: checking for GNU libc compatible malloc
configure:4996: gcc -o conftest -g -O2   conftest.c  >&5
configure:4999: $? = 0
configure:5005: ./conftest
configure:5008: $? = 0
configure:5024: result: yes
configure:5334: checking how to run the C++ preprocessor
configure:5370: g++ -E  conftest.cpp
configure:5376: $? = 0
configure:5414: g++ -E  conftest.cpp
conftest.cpp:23:10: fatal error: ac_nonexistent.h: No such file or directory
 #include <ac_nonexistent.h>
          ^~~~~~~~~~~~~~~~~~
compilation terminated.
configure:5420: $? = 1
configure: failed program was:
| /* confdefs.h.  */
| #define PACKAGE_NAME "libGE"
| #define PACKAGE_TARNAME "libGE"
| #define PACKAGE_VERSION "0.26"
| #define PACKAGE_STRING "libGE 0.26"
| #define PACKAGE_BUGREPORT "miguel.nicolau@gmail.com"
| #define PACKAGE "libGE"
| #define VERSION "0.26"
| #define STDC_HEADERS 1
| #define HAVE_SYS_TYPES_H 1
| #define HAVE_SYS_STAT_H 1
| #define HAVE_STDLIB_H 1
| #define HAVE_STRING_H 1
| #define HAVE_MEMORY_H 1
| #define HAVE_STRINGS_H 1
| #define HAVE_INTTYPES_H 1
| #define HAVE_STDINT_H 1
| #define HAVE_UNISTD_H 1
| #define HAVE_STDLIB_H 1
| #define HAVE_MALLOC 1
| #define GE_ILLIGALSGA
| /* end confdefs.h.  */
| #include <ac_nonexistent.h>
configure:5460: result: g++ -E
configure:5489: g++ -E  conftest.cpp
configure:5495: $? = 0
configure:5533: g++ -E  conftest.cpp
conftest.cpp:23:10: fatal error: ac_nonexistent.h: No such file or directory
 #include <ac_nonexistent.h>
          ^~~~~~~~~~~~~~~~~~
compilation terminated.
configure:5539: $? = 1
configure: failed program was:
| /* confdefs.h.  */
| #define PACKAGE_NAME "libGE"
| #define PACKAGE_TARNAME "libGE"
| #define PACKAGE_VERSION "0.26"
| #define PACKAGE_STRING "libGE 0.26"
| #define PACKAGE_BUGREPORT "miguel.nicolau@gmail.com"
| #define PACKAGE "libGE"
| #define VERSION "0.26"
| #define STDC_HEADERS 1
| #define HAVE_SYS_TYPES_H 1
| #define HAVE_SYS_STAT_H 1
| #define HAVE_STDLIB_H 1
| #define HAVE_STRING_H 1
| #define HAVE_MEMORY_H 1
| #define HAVE_STRINGS_H 1
| #define HAVE_INTTYPES_H 1
| #define HAVE_STDINT_H 1
| #define HAVE_UNISTD_H 1
| #define HAVE_STDLIB_H 1
| #define HAVE_MALLOC 1
| #define GE_ILLIGALSGA
| /* end confdefs.h.  */
| #include <ac_nonexistent.h>
configure:5594: checking ga/ga.h usability
configure:5611: g++ -c -g -O2  conftest.cpp >&5
conftest.cpp:56:10: fatal error: ga/ga.h: No such file or directory
 #include <ga/ga.h>
          ^~~~~~~~~
compilation terminated.
configure:5617: $? = 1
configure: failed program was:
| /* confdefs.h.  */
| #define PACKAGE_NAME "libGE"
| #define PACKAGE_TARNAME "libGE"
| #define PACKAGE_VERSION "0.26"
| #define PACKAGE_STRING "libGE 0.26"
| #define PACKAGE_BUGREPORT "miguel.nicolau@gmail.com"
| #define PACKAGE "libGE"
| #define VERSION "0.26"
| #define STDC_HEADERS 1
| #define HAVE_SYS_TYPES_H 1
| #define HAVE_SYS_STAT_H 1
| #define HAVE_STDLIB_H 1
| #define HAVE_STRING_H 1
| #define HAVE_MEMORY_H 1
| #define HAVE_STRINGS_H 1
| #define HAVE_INTTYPES_H 1
| #define HAVE_STDINT_H 1
| #define HAVE_UNISTD_H 1
| #define HAVE_STDLIB_H 1
| #define HAVE_MALLOC 1
| #define GE_ILLIGALSGA
| /* end confdefs.h.  */
| #include <stdio.h>
| #if HAVE_SYS_TYPES_H
| # include <sys/types.h>
| #endif
| #if HAVE_SYS_STAT_H
| # include <sys/stat.h>
| #endif
| #if STDC_HEADERS
| # include <stdlib.h>
| # include <stddef.h>
| #else
| # if HAVE_STDLIB_H
| #  include <stdlib.h>
| # endif
| #endif
| #if HAVE_STRING_H
| # if !STDC_HEADERS && HAVE_MEMORY_H
| #  include <memory.h>
| # endif
| # include <string.h>
| #endif
| #if HAVE_STRINGS_H
| # include <strings.h>
| #endif
| #if HAVE_INTTYPES_H
| # include <inttypes.h>
| #endif
| #if HAVE_STDINT_H
| # include <stdint.h>
| #endif
| #if HAVE_UNISTD_H
| # include <unistd.h>
| #endif
| #include <ga/ga.h>
configure:5648: result: no
configure:5652: checking ga/ga.h presence
configure:5667: g++ -E  conftest.cpp
conftest.cpp:23:10: fatal error: ga/ga.h: No such file or directory
 #include <ga/ga.h>
          ^~~~~~~~~
compilation terminated.
configure:5673: $? = 1
configure: failed program was:
| /* confdefs.h.  */
| #define PACKAGE_NAME "libGE"
| #define PACKAGE_TARNAME "libGE"
| #define PACKAGE_VERSION "0.26"
| #define PACKAGE_STRING "libGE 0.26"
| #define PACKAGE_BUGREPORT "miguel.nicolau@gmail.com"
| #define PACKAGE "libGE"
| #define VERSION "0.26"
| #define STDC_HEADERS 1
| #define HAVE_SYS_TYPES_H 1
| #define HAVE_SYS_STAT_H 1
| #define HAVE_STDLIB_H 1
| #define HAVE_STRING_H 1
| #define HAVE_MEMORY_H 1
| #define HAVE_STRINGS_H 1
| #define HAVE_INTTYPES_H 1
| #define HAVE_STDINT_H 1
| #define HAVE_UNISTD_H 1
| #define HAVE_STDLIB_H 1
| #define HAVE_MALLOC 1
| #define GE_ILLIGALSGA
| /* end confdefs.h.  */
| #include <ga/ga.h>
configure:5694: result: no
configure:5727: checking for ga/ga.h
configure:5734: result: no
configure:5745: WARNING: could not find the GALib headers on <ga/ga.h>.
configure:5877: checking whether GALib library is installed
configure:5900: g++ -o conftest -g -O2   conftest.cpp  -lga >&5
conftest.cpp:23:10: fatal error: ga/ga.h: No such file or directory
 #include <ga/ga.h>
          ^~~~~~~~~
compilation terminated.
configure:5906: $? = 1
configure: failed program was:
| /* confdefs.h.  */
| #define PACKAGE_NAME "libGE"
| #define PACKAGE_TARNAME "libGE"
| #define PACKAGE_VERSION "0.26"
| #define PACKAGE_STRING "libGE 0.26"
| #define PACKAGE_BUGREPORT "miguel.nicolau@gmail.com"
| #define PACKAGE "libGE"
| #define VERSION "0.26"
| #define STDC_HEADERS 1
| #define HAVE_SYS_TYPES_H 1
| #define HAVE_SYS_STAT_H 1
| #define HAVE_STDLIB_H 1
| #define HAVE_STRING_H 1
| #define HAVE_MEMORY_H 1
| #define HAVE_STRINGS_H 1
| #define HAVE_INTTYPES_H 1
| #define HAVE_STDINT_H 1
| #define HAVE_UNISTD_H 1
| #define HAVE_STDLIB_H 1
| #define HAVE_MALLOC 1
| #define GE_ILLIGALSGA
| /* end confdefs.h.  */
| #include <ga/ga.h>
| int
| main ()
| {
| GAGenome g; GASteadyStateGA ga(g);
|   ;
|   return 0;
| }
configure:5934: result: no
configure:5935: WARNING: Could not use the GALib library "-lga".
configure:5964: checking for stdbool.h that conforms to C99
configure:6057: g++ -c -g -O2  conftest.cpp >&5
conftest.cpp:26:2: error: expected unqualified-id before string constant
  "error: bool is not defined"
  ^~~~~~~~~~~~~~~~~~~~~~~~~~~~
conftest.cpp:44:36: error: 's' does not name a type
  struct s { _Bool s: 1; _Bool t; } s;
                                    ^
conftest.cpp:50:12: error: 's' was not declared in this scope
  bool e = &s;
            ^
conftest.cpp:54:16: error: 's' was not declared in this scope
  char i[sizeof s.t];
                ^
conftest.cpp: In function 'int main()':
conftest.cpp:92:51: error: 'i' was not declared in this scope
  return (!a + !b + !c + !d + !e + !f + !g + !h + !i + !!j + !k + !!l
                                                   ^
configure:6063: $? = 1
configure: failed program was:
| /* confdefs.h.  */
| #define PACKAGE_NAME "libGE"
| #define PACKAGE_TARNAME "libGE"
| #define PACKAGE_VERSION "0.26"
| #define PACKAGE_STRING "libGE 0.26"
| #define PACKAGE_BUGREPORT "miguel.nicolau@gmail.com"
| #define PACKAGE "libGE"
| #define VERSION "0.26"
| #define STDC_HEADERS 1
| #define HAVE_SYS_TYPES_H 1
| #define HAVE_SYS_STAT_H 1
| #define HAVE_STDLIB_H 1
| #define HAVE_STRING_H 1
| #define HAVE_MEMORY_H 1
| #define HAVE_STRINGS_H 1
| #define HAVE_INTTYPES_H 1
| #define HAVE_STDINT_H 1
| #define HAVE_UNISTD_H 1
| #define HAVE_STDLIB_H 1
| #define HAVE_MALLOC 1
| #define GE_ILLIGALSGA
| /* end confdefs.h.  */
| 
| #include <stdbool.h>
| #ifndef bool
|  "error: bool is not defined"
| #endif
| #ifndef false
|  "error: false is not defined"
| #endif
| #if false
|  "error: false is not 0"
| #endif
| #ifndef true
|  "error: true is not defined"
| #endif
| #if true != 1
|  "error: true is not 1"
| #endif
| #ifndef __bool_true_false_are_defined
|  "error: __bool_true_false_are_defined is not defined"
| #endif
| 
| 	struct s { _Bool s: 1; _Bool t; } s;
| 
| 	char a[true == 1 ? 1 : -1];
| 	char b[false == 0 ? 1 : -1];
| 	char c[__bool_true_false_are_defined == 1 ? 1 : -1];
| 	char d[(bool) 0.5 == true ? 1 : -1];
| 	bool e = &s;
| 	char f[(_Bool) 0.0 == false ? 1 : -1];
| 	char g[true];
| 	char h[sizeof (_Bool)];
| 	char i[sizeof s.t];
| 	enum { j = false, k = true, l = false * true, m = true * 256 };
| 	_Bool n[m];
| 	char o[sizeof n == m * sizeof n[0] ? 1 : -1];
| 	char p[-1 - (_Bool) 0 < 0 && -1 - (bool) 0 < 0 ? 1 : -1];
| #	if defined __xlc__ || defined __GNUC__
| 	 /* Catch a bug in IBM AIX xlc compiler version 6.0.0.0
| 	    reported by James Lemley on 2005-10-05; see
| 	    http://lists.gnu.org/archive/html/bug-coreutils/2005-10/msg00086.html
| 	    This test is not quite right, since xlc is allowed to
| 	    reject this program, as the initializer for xlcbug is
| 	    not one of the forms that C requires support for.
| 	    However, doing the test right would require a runtime
| 	    test, and that would make cross-compilation harder.
| 	    Let us hope that IBM fixes the xlc bug, and also adds
| 	    support for this kind of constant expression.  In the
| 	    meantime, this test will reject xlc, which is OK, since
| 	    our stdbool.h substitute should suffice.  We also test
| 	    this with GCC, where it should work, to detect more
| 	    quickly whether someone messes up the test in the
| 	    future.  */
| 	 char digs[] = "0123456789";
| 	 int xlcbug = 1 / (&(digs + 5)[-2 + (bool) 1] == &digs[4] ? 1 : -1);
| #	endif
| 	/* Catch a bug in an HP-UX C compiler.  See
| 	   http://gcc.gnu.org/ml/gcc-patches/2003-12/msg02303.html
| 	   http://lists.gnu.org/archive/html/bug-coreutils/2005-11/msg00161.html
| 	 */
| 	_Bool q = true;
| 	_Bool *pq = &q;
| 
| int
| main ()
| {
| 
| 	*pq |= q;
| 	*pq |= ! q;
| 	/* Refer to every declared value, to avoid compiler optimizations.  */
| 	return (!a + !b + !c + !d + !e + !f + !g + !h + !i + !!j + !k + !!l
| 		+ !m + !n + !o + !p + !q + !pq);
| 
|   ;
|   return 0;
| }
configure:6095: result: no
configure:6097: checking for _Bool
configure:6127: g++ -c -g -O2  conftest.cpp >&5
conftest.cpp:56:9: error: '_Bool' does not name a type; did you mean 'bool'?
 typedef _Bool ac__type_new_;
         ^~~~~
         bool
conftest.cpp: In function 'int main()':
conftest.cpp:60:6: error: 'ac__type_new_' was not declared in this scope
 if ((ac__type_new_ *) 0)
      ^~~~~~~~~~~~~
conftest.cpp:60:21: error: expected primary-expression before ')' token
 if ((ac__type_new_ *) 0)
                     ^
conftest.cpp:60:23: error: expected ')' before numeric constant
 if ((ac__type_new_ *) 0)
                       ^
conftest.cpp:62:13: error: 'ac__type_new_' was not declared in this scope
 if (sizeof (ac__type_new_))
             ^~~~~~~~~~~~~
configure:6133: $? = 1
configure: failed program was:
| /* confdefs.h.  */
| #define PACKAGE_NAME "libGE"
| #define PACKAGE_TARNAME "libGE"
| #define PACKAGE_VERSION "0.26"
| #define PACKAGE_STRING "libGE 0.26"
| #define PACKAGE_BUGREPORT "miguel.nicolau@gmail.com"
| #define PACKAGE "libGE"
| #define VERSION "0.26"
| #define STDC_HEADERS 1
| #define HAVE_SYS_TYPES_H 1
| #define HAVE_SYS_STAT_H 1
| #define HAVE_STDLIB_H 1
| #define HAVE_STRING_H 1
| #define HAVE_MEMORY_H 1
| #define HAVE_STRINGS_H 1
| #define HAVE_INTTYPES_H 1
| #define HAVE_STDINT_H 1
| #define HAVE_UNISTD_H 1
| #define HAVE_STDLIB_H 1
| #define HAVE_MALLOC 1
| #define GE_ILLIGALSGA
| /* end confdefs.h.  */
| #include <stdio.h>
| #if HAVE_SYS_TYPES_H
| # include <sys/types.h>
| #endif
| #if HAVE_SYS_STAT_H
| # include <sys/stat.h>
| #endif
| #if STDC_HEADERS
| # include <stdlib.h>
| # include <stddef.h>
| #else
| # if HAVE_STDLIB_H
| #  include <stdlib.h>
| # endif
| #endif
| #if HAVE_STRING_H
| # if !STDC_HEADERS && HAVE_MEMORY_H
| #  include <memory.h>
| # endif
| # include <string.h>
| #endif
| #if HAVE_STRINGS_H
| # include <strings.h>
| #endif
| #if HAVE_INTTYPES_H
| # include <inttypes.h>
| #endif
| #if HAVE_STDINT_H
| # include <stdint.h>
| #endif
| #if HAVE_UNISTD_H
| # include <unistd.h>
| #endif
| typedef _Bool ac__type_new_;
| int
| main ()
| {
| if ((ac__type_new_ *) 0)
|   return 0;
| if (sizeof (ac__type_new_))
|   return 0;
|   ;
|   return 0;
| }
configure:6165: result: no
configure:6227: checking for ranlib
configure:6243: found /usr/bin/ranlib
configure:6254: result: ranlib
configure:6423: creating ./config.status

## ---------------------- ##
## Running config.status. ##
## ---------------------- ##

This file was extended by libGE config.status 0.26, which was
generated by GNU Autoconf 2.60.  Invocation command line was

  CONFIG_FILES    = 
  CONFIG_HEADERS  = 
  CONFIG_LINKS    = 
  CONFIG_COMMANDS = 
  $ ./config.status 

on fgfs-OptiPlex-5050

config.status:632: creating Makefile
config.status:632: creating src/libGEdefs.h
config.status:901: executing depfiles commands
configure:7622: ************************************************************
configure:7624: * Now run `make` and `make install`. The following options *
configure:7626: * were set:                                                *
configure:7629: * - IlliGAL sga support was installed;                     *
configure:7639: * - GALib support was NOT installed;                       *
configure:7642: * - EO support is implicit.                                *
configure:7644: ************************************************************

## ---------------- ##
## Cache variables. ##
## ---------------- ##

ac_cv_c_compiler_gnu=yes
ac_cv_c_const=yes
ac_cv_cxx_compiler_gnu=yes
ac_cv_env_CCC_set=
ac_cv_env_CCC_value=
ac_cv_env_CC_set=
ac_cv_env_CC_value=
ac_cv_env_CFLAGS_set=
ac_cv_env_CFLAGS_value=
ac_cv_env_CPPFLAGS_set=
ac_cv_env_CPPFLAGS_value=
ac_cv_env_CPP_set=
ac_cv_env_CPP_value=
ac_cv_env_CXXCPP_set=
ac_cv_env_CXXCPP_value=
ac_cv_env_CXXFLAGS_set=
ac_cv_env_CXXFLAGS_value=
ac_cv_env_CXX_set=
ac_cv_env_CXX_value=
ac_cv_env_LDFLAGS_set=
ac_cv_env_LDFLAGS_value=
ac_cv_env_build_alias_set=
ac_cv_env_build_alias_value=
ac_cv_env_host_alias_set=
ac_cv_env_host_alias_value=
ac_cv_env_target_alias_set=
ac_cv_env_target_alias_value=
ac_cv_func_malloc_0_nonnull=yes
ac_cv_header_ga_ga_h=no
ac_cv_header_inttypes_h=yes
ac_cv_header_memory_h=yes
ac_cv_header_stdbool_h=no
ac_cv_header_stdc=yes
ac_cv_header_stdint_h=yes
ac_cv_header_stdlib_h=yes
ac_cv_header_string_h=yes
ac_cv_header_strings_h=yes
ac_cv_header_sys_stat_h=yes
ac_cv_header_sys_types_h=yes
ac_cv_header_unistd_h=yes
ac_cv_objext=o
ac_cv_path_EGREP='/bin/grep -E'
ac_cv_path_GREP=/bin/grep
ac_cv_path_install='/usr/bin/install -c'
ac_cv_prog_AWK=mawk
ac_cv_prog_CPP='gcc -E'
ac_cv_prog_CXXCPP='g++ -E'
ac_cv_prog_ac_ct_CC=gcc
ac_cv_prog_ac_ct_CXX=g++
ac_cv_prog_ac_ct_RANLIB=ranlib
ac_cv_prog_cc_c89=
ac_cv_prog_cc_g=yes
ac_cv_prog_cxx_g=yes
ac_cv_prog_make_make_set=yes
ac_cv_type__Bool=no
am_cv_CC_dependencies_compiler_type=gcc3
am_cv_CXX_dependencies_compiler_type=gcc3

## ----------------- ##
## Output variables. ##
## ----------------- ##

ACLOCAL='${SHELL} /home/fgfs/Dropbox/UL/ULPostdoc/GELAB/libGEC++/libGE-0.26/config/missing --run aclocal-1.9'
AMDEPBACKSLASH='\'
AMDEP_FALSE='#'
AMDEP_TRUE=''
AMTAR='${SHELL} /home/fgfs/Dropbox/UL/ULPostdoc/GELAB/libGEC++/libGE-0.26/config/missing --run tar'
AUTOCONF='${SHELL} /home/fgfs/Dropbox/UL/ULPostdoc/GELAB/libGEC++/libGE-0.26/config/missing --run autoconf'
AUTOHEADER='${SHELL} /home/fgfs/Dropbox/UL/ULPostdoc/GELAB/libGEC++/libGE-0.26/config/missing --run autoheader'
AUTOMAKE='${SHELL} /home/fgfs/Dropbox/UL/ULPostdoc/GELAB/libGEC++/libGE-0.26/config/missing --run automake-1.9'
AWK='mawk'
CC='gcc'
CCDEPMODE='depmode=gcc3'
CFLAGS='-g -O2'
CPP='gcc -E'
CPPFLAGS=''
CXX='g++'
CXXCPP='g++ -E'
CXXDEPMODE='depmode=gcc3'
CXXFLAGS='-g -O2'
CYGPATH_W='echo'
DEFS='-DHAVE_CONFIG_H'
DEPDIR='.deps'
ECHO_C=''
ECHO_N='-n'
ECHO_T=''
EGREP='/bin/grep -E'
EXEEXT=''
GREP='/bin/grep'
ILLIGALSGA_WRAPPER_FALSE='#'
ILLIGALSGA_WRAPPER_TRUE=''
INSTALL_DATA='${INSTALL} -m 644'
INSTALL_PROGRAM='${INSTALL}'
INSTALL_SCRIPT='${INSTALL}'
INSTALL_STRIP_PROGRAM='${SHELL} $(install_sh) -c -s'
LDFLAGS=''
LIBOBJS=''
LIBS=' -lga'
LTLIBOBJS=''
MAKEINFO='${SHELL} /home/fgfs/Dropbox/UL/ULPostdoc/GELAB/libGEC++/libGE-0.26/config/missing --run makeinfo'
MITGALIB_WRAPPER_FALSE=''
MITGALIB_WRAPPER_TRUE='#'
OBJEXT='o'
PACKAGE='libGE'
PACKAGE_BUGREPORT='miguel.nicolau@gmail.com'
PACKAGE_NAME='libGE'
PACKAGE_STRING='libGE 0.26'
PACKAGE_TARNAME='libGE'
PACKAGE_VERSION='0.26'
PATH_SEPARATOR=':'
RANLIB='ranlib'
SET_MAKE=''
SHELL='/bin/bash'
STRIP=''
VERSION='0.26'
ac_ct_CC='gcc'
ac_ct_CXX='g++'
am__fastdepCC_FALSE='#'
am__fastdepCC_TRUE=''
am__fastdepCXX_FALSE='#'
am__fastdepCXX_TRUE=''
am__include='include'
am__leading_dot='.'
am__quote=''
am__tar='${AMTAR} chof - "$$tardir"'
am__untar='${AMTAR} xf -'
bindir='${exec_prefix}/bin'
build_alias=''
datadir='${datarootdir}'
datarootdir='${prefix}/share'
docdir='${datarootdir}/doc/${PACKAGE_TARNAME}'
dvidir='${docdir}'
exec_prefix='${prefix}'
host_alias=''
htmldir='${docdir}'
includedir='${prefix}/include'
infodir='${datarootdir}/info'
install_sh='/home/fgfs/Dropbox/UL/ULPostdoc/GELAB/libGEC++/libGE-0.26/config/install-sh'
libdir='${exec_prefix}/lib'
libexecdir='${exec_prefix}/libexec'
localedir='${datarootdir}/locale'
localstatedir='${prefix}/var'
mandir='${datarootdir}/man'
mkdir_p='mkdir -p --'
oldincludedir='/usr/include'
pdfdir='${docdir}'
prefix='/usr/local'
program_transform_name='s,x,x,'
psdir='${docdir}'
sbindir='${exec_prefix}/sbin'
sharedstatedir='${prefix}/com'
sysconfdir='${prefix}/etc'
target_alias=''

## ----------- ##
## confdefs.h. ##
## ----------- ##

#define PACKAGE_NAME "libGE"
#define PACKAGE_TARNAME "libGE"
#define PACKAGE_VERSION "0.26"
#define PACKAGE_STRING "libGE 0.26"
#define PACKAGE_BUGREPORT "miguel.nicolau@gmail.com"
#define PACKAGE "libGE"
#define VERSION "0.26"
#define STDC_HEADERS 1
#define HAVE_SYS_TYPES_H 1
#define HAVE_SYS_STAT_H 1
#define HAVE_STDLIB_H 1
#define HAVE_STRING_H 1
#define HAVE_MEMORY_H 1
#define HAVE_STRINGS_H 1
#define HAVE_INTTYPES_H 1
#define HAVE_STDINT_H 1
#define HAVE_UNISTD_H 1
#define HAVE_STDLIB_H 1
#define HAVE_MALLOC 1
#define GE_ILLIGALSGA

configure: exit 0
